<?xml version="1.0" encoding="UTF-8"?>
<!-- Generated by org.testng.reporters.JUnitReportReporter -->
<testsuite hostname="Sushma-PC" failures="0" tests="2" name="jobpracticetest.Mavendemotest.RestAPITest" time="0.017" errors="0" timestamp="08 Jan 2021 07:02:53 GMT" skipped="0">
  <testcase classname="jobpracticetest.Mavendemotest.RestAPITest" name="RestAPItest" time="0.002"/>
  <testcase classname="jobpracticetest.Mavendemotest.RestAPITest" name="RestAPIbrowser" time="0.015"/>
</testsuite> <!-- jobpracticetest.Mavendemotest.RestAPITest -->
