<?xml version="1.0" encoding="UTF-8"?>
<!-- Generated by org.testng.reporters.JUnitReportReporter -->
<testsuite hostname="Sushma-PC" failures="0" tests="1" name="jobpracticetest.Mavendemotest.ExtentReporterDemo" time="0.508" errors="0" timestamp="09 Jan 2021 18:16:39 GMT" skipped="0">
  <testcase classname="jobpracticetest.Mavendemotest.ExtentReporterDemo" name="Seleniumbrowser1" time="0.508"/>
</testsuite> <!-- jobpracticetest.Mavendemotest.ExtentReporterDemo -->
