<?xml version="1.0" encoding="UTF-8"?>
<!-- Generated by org.testng.reporters.JUnitReportReporter -->
<testsuite hostname="Sushma-PC" failures="0" tests="2" name="jobpracticetest.Mavendemotest.SeleniumTest" time="0.004" errors="0" timestamp="08 Jan 2021 07:02:53 GMT" skipped="0">
  <testcase classname="jobpracticetest.Mavendemotest.SeleniumTest" name="seleniumTest" time="0.002"/>
  <testcase classname="jobpracticetest.Mavendemotest.SeleniumTest" name="seleniumbrowser" time="0.002"/>
</testsuite> <!-- jobpracticetest.Mavendemotest.SeleniumTest -->
