<?xml version="1.0" encoding="UTF-8"?>
<!-- Generated by org.testng.reporters.JUnitReportReporter -->
<testsuite hostname="Sushma-PC" failures="0" tests="2" name="jobpracticetest.Mavendemotest.AppiumTest" time="0.001" errors="0" timestamp="03 Jan 2021 15:18:15 GMT" skipped="0">
  <testcase classname="jobpracticetest.Mavendemotest.AppiumTest" name="Appiumbrowser" time="0.001"/>
  <testcase classname="jobpracticetest.Mavendemotest.AppiumTest" name="Appiumtest" time="0.000"/>
</testsuite> <!-- jobpracticetest.Mavendemotest.AppiumTest -->
