<?xml version="1.0" encoding="UTF-8"?>
<!-- Generated by org.testng.reporters.JUnitReportReporter -->
<testsuite hostname="Sushma-PC" failures="0" tests="2" name="jobpracticetest.Mavendemotest.RestAPITest" time="0.010" errors="0" timestamp="03 Jan 2021 15:18:15 GMT" skipped="0">
  <testcase classname="jobpracticetest.Mavendemotest.RestAPITest" name="RestAPItest" time="0.000"/>
  <testcase classname="jobpracticetest.Mavendemotest.RestAPITest" name="RestAPIbrowser" time="0.010"/>
</testsuite> <!-- jobpracticetest.Mavendemotest.RestAPITest -->
